<testsuite failures="0" name="karateProject/src/test/java/conduitApp/feature/SingUp.feature" skipped="0" tests="1" time="1.190511">
  <testcase classname="karateProject.src.test.java.conduitApp.feature.SingUp" name="Sign up new user" time="1.190511">
    <system-out>* def dataGenerator = Java.type('helpers.DataGenerator') .................. passed
* def timeValidator = read ('classpath:helpers/timeValidator.js') ......... passed
* def randomEmail = dataGenerator.getRandomEmail() ........................ passed
* def randomUserName = dataGenerator.getRandomUserName() .................. passed
* url apiUrl .............................................................. passed
Given path "users" ........................................................ passed
And request ............................................................... passed
When method Post .......................................................... passed
Then status 200 ........................................................... passed
And match response == ..................................................... passed</system-out>
  </testcase>
</testsuite>
